<?xml version="1.0" encoding="UTF-8"?>
<!-- Generated by org.testng.reporters.JUnitReportReporter -->
<testsuite hostname="LAPTOP-10210QQU" failures="0" tests="2" name="testClasses.FakeRegisteration" time="1.848" errors="0" timestamp="2023-03-14T21:46:26 IST" skipped="0">
  <testcase classname="testClasses.FakeRegisteration" name="register" time="1.059"/>
  <system-out/>
  <testcase classname="testClasses.FakeRegisteration" name="register" time="0.789"/>
  <system-out/>
</testsuite> <!-- testClasses.FakeRegisteration -->
