<?xml version="1.0" encoding="UTF-8"?>
<!-- Generated by org.testng.reporters.JUnitReportReporter -->
<testsuite hostname="LAPTOP-10210QQU" failures="0" tests="1" name="testClasses.TC_006_VerifyRemoveFuctionality" time="3.623" errors="0" timestamp="2023-03-12T22:43:33 IST" skipped="0">
  <testcase classname="testClasses.TC_006_VerifyRemoveFuctionality" name="VerifyRemove" time="3.623"/>
  <system-out/>
</testsuite> <!-- testClasses.TC_006_VerifyRemoveFuctionality -->
