<?xml version="1.0" encoding="UTF-8"?>
<!-- Generated by org.testng.reporters.JUnitReportReporter -->
<testsuite hostname="LAPTOP-10210QQU" failures="0" tests="2" name="testClasses.Datap" time="0.005" errors="0" timestamp="2023-03-11T18:00:34 IST" skipped="0">
  <testcase classname="testClasses.Datap" name="usedata" time="0.004"/>
  <system-out/>
  <testcase classname="testClasses.Datap" name="usedata" time="0.001"/>
  <system-out/>
</testsuite> <!-- testClasses.Datap -->
