<?xml version="1.0" encoding="UTF-8"?>
<!-- Generated by org.testng.reporters.JUnitReportReporter -->
<testsuite hostname="LAPTOP-10210QQU" failures="0" tests="1" name="testClasses.Tc_002_AllProducts" time="2.428" errors="0" timestamp="2023-03-12T22:43:33 IST" skipped="0">
  <testcase classname="testClasses.Tc_002_AllProducts" name="VerifyAllProduct" time="2.428"/>
  <system-out/>
</testsuite> <!-- testClasses.Tc_002_AllProducts -->
