<?xml version="1.0" encoding="UTF-8"?>
<!-- Generated by org.testng.reporters.JUnitReportReporter -->
<testsuite hostname="LAPTOP-10210QQU" failures="0" tests="1" name="testClasses.pra" time="13.775" errors="0" timestamp="2023-03-11T19:06:02 IST" skipped="0">
  <testcase classname="testClasses.pra" name="method" time="13.775"/>
  <system-out/>
</testsuite> <!-- testClasses.pra -->
