<?xml version="1.0" encoding="UTF-8"?>
<!-- Generated by org.testng.reporters.JUnitReportReporter -->
<testsuite hostname="LAPTOP-10210QQU" failures="0" tests="1" name="practice.ChildBrowserPopUp" time="14.078" errors="0" timestamp="2023-03-24T22:28:44 IST" skipped="0">
  <testcase classname="practice.ChildBrowserPopUp" name="handlePopUp" time="14.078"/>
  <system-out/>
</testsuite> <!-- practice.ChildBrowserPopUp -->
