<?xml version="1.0" encoding="UTF-8"?>
<!-- Generated by org.testng.reporters.JUnitReportReporter -->
<testsuite hostname="LAPTOP-10210QQU" failures="0" tests="2" name="testClasses.dp" time="0.006" errors="0" timestamp="2023-02-20T13:37:05 IST" skipped="0">
  <testcase classname="testClasses.dp" name="useData" time="0.001"/>
  <system-out/>
  <testcase classname="testClasses.dp" name="useData" time="0.005"/>
  <system-out/>
</testsuite> <!-- testClasses.dp -->
