<?xml version="1.0" encoding="UTF-8"?>
<!-- Generated by org.testng.reporters.JUnitReportReporter -->
<testsuite hostname="LAPTOP-10210QQU" failures="0" tests="2" name="testClasses.FAkeregData" time="0.008" errors="0" timestamp="2023-03-14T16:54:53 IST" skipped="0">
  <testcase classname="testClasses.FAkeregData" name="useData" time="0.007"/>
  <system-out/>
  <testcase classname="testClasses.FAkeregData" name="useData" time="0.001"/>
  <system-out/>
</testsuite> <!-- testClasses.FAkeregData -->
